23-06-23-10:59:38  Update Outdated Common Components (by CompMan.xlsb) for Basic.xlsm 
23-06-23-10:59:38 -------------------------------------------------------------------
23-06-23-10:59:38  Class-Module    clsTrc .........: Used Common Component identified
23-06-23-10:59:38  UserForm        fMsg ...........: Used Common Component identified
23-06-23-10:59:38  Standard-Module mCompManClient .: Used Common Component identified
23-06-23-10:59:38  Standard-Module mErH ...........: Used Common Component identified
23-06-23-10:59:38  Standard-Module mMsg ...........: Used Common Component identified
23-06-23-10:59:38  Standard-Module mTrc ...........: Used Common Component identified
23-06-23-10:59:38  Class-Module    clsTrc .........: Used Common Component is up-to-date
23-06-23-10:59:42  UserForm        fMsg ...........: Used Common Component is up-to-date
23-06-23-10:59:42  Standard-Module mCompManClient .: Used Common Component is up-to-date
23-06-23-10:59:42  Standard-Module mErH ...........: Used Common Component is up-to-date
23-06-23-10:59:42  Standard-Module mMsg ...........: Used Common Component is up-to-date
23-06-23-10:59:42  Standard-Module mTrc ...........: Used Common Component is up-to-date
23-06-23-11:59:53 ==================================================================
23-06-23-11:59:53        Export Changed Components (by Add-in) for Basic.xlsm       
23-06-23-11:59:53 ------------------------------------------------------------------
23-06-23-11:59:53  Class-Module    clsTrc .........: Unchanged used Common Component
23-06-23-11:59:53  UserForm        fMsg ...........: Unchanged used Common Component
23-06-23-11:59:53  Standard-Module mBasic .........: Unchanged hosted raw Common Component
23-06-23-11:59:53  Standard-Module mBasicTest .....: Unchanged VBComponent
23-06-23-11:59:53  Standard-Module mCompManClient .: Unchanged used Common Component
23-06-23-11:59:53  Standard-Module mErH ...........: Unchanged used Common Component
23-06-23-11:59:53  Standard-Module mMsg ...........: Unchanged used Common Component
23-06-23-11:59:53  Standard-Module mTrc ...........: Unchanged used Common Component
23-06-23-11:59:53  Workbook        wbBasic ........: Unchanged VBComponent
23-06-23-11:59:53  Worksheet       wsBasic ........: Unchanged VBComponent
23-06-23-20:01:32 ==================================================================
23-06-23-20:01:32        Export Changed Components (by Add-in) for Basic.xlsm       
23-06-23-20:01:32 ------------------------------------------------------------------
23-06-23-20:01:32  Class-Module    clsTrc .........: Unchanged used Common Component
23-06-23-20:01:32  UserForm        fMsg ...........: Unchanged used Common Component
23-06-23-20:01:32  Standard-Module mBasic .........: Unchanged hosted raw Common Component
23-06-23-20:01:32  Standard-Module mBasicTest .....: Unchanged VBComponent
23-06-23-20:01:32  Standard-Module mCompManClient .: Unchanged used Common Component
23-06-23-20:01:32  Standard-Module mErH ...........: Unchanged used Common Component
23-06-23-20:01:32  Standard-Module mMsg ...........: Unchanged used Common Component
23-06-23-20:01:32  Standard-Module mTrc ...........: Unchanged used Common Component
23-06-23-20:01:32  Workbook        wbBasic ........: Unchanged VBComponent
23-06-23-20:01:32  Worksheet       wsBasic ........: Unchanged VBComponent
23-06-23-20:01:36 ======================================================================
23-06-23-20:01:36      Update Outdated Common Components (by Add-in) for Basic.xlsm     
23-06-23-20:01:36 ----------------------------------------------------------------------
23-06-23-20:01:36  UserForm        fMsg ...........: Used Common Component is up-to-date
23-06-23-20:01:36  Standard-Module mCompManClient .: Used Common Component is up-to-date
23-06-23-20:01:36  Standard-Module mErH ...........: Used Common Component is up-to-date
23-06-23-20:01:36  Standard-Module mMsg ...........: Used Common Component is up-to-date
23-06-23-20:01:39  Class-Module    clsTrc .........: Outdated used Common Component updated by re-import of D:\Ablage\Excel VBA\DevAndTest\Common-Components\clsTrc.cls
23-06-23-20:01:41  Standard-Module mTrc ...........: Outdated used Common Component updated by re-import of D:\Ablage\Excel VBA\DevAndTest\Common-Components\mTrc.bas
23-06-23-20:18:17 ============================================================================================================================================================
23-06-23-20:18:17                                                  Export Changed Components (by CompMan.xlsb) for Basic.xlsm                                                 
23-06-23-20:18:17 ------------------------------------------------------------------------------------------------------------------------------------------------------------
23-06-23-20:18:17  Class-Module    clsTrc .........: Modified used Common Component!!!!! (because this is not the hosting Workbook a "due revert allert" has been registered!)
23-06-23-20:18:17                                    Modified used Common Component e x p o r t e d !
23-06-23-20:18:17  UserForm        fMsg ...........: Unchanged used Common Component
23-06-23-20:18:17  Standard-Module mBasic .........: Hosted Raw Common Component code modified
23-06-23-20:18:17                                    Modified hosted Common Component e x p o r t e d !
23-06-23-20:18:17                                    Modified hosted Common Component's Revision Number increased
23-06-23-20:18:17                                    Modified hosted Common Component's Export-File copied to D:\Ablage\Excel VBA\DevAndTest\Common-Components
23-06-23-20:18:17  Standard-Module mBasicTest .....: Unchanged VBComponent
23-06-23-20:18:17  Standard-Module mCompManClient .: Unchanged used Common Component
23-06-23-20:18:17  Standard-Module mErH ...........: Unchanged used Common Component
23-06-23-20:18:17  Standard-Module mMsg ...........: Unchanged used Common Component
23-06-23-20:18:17  Standard-Module mTrc ...........: Modified used Common Component!!!!! (because this is not the hosting Workbook a "due revert allert" has been registered!)
23-06-23-20:18:17                                    Modified used Common Component e x p o r t e d !
23-06-23-20:18:17  Workbook        wbBasic ........: Unchanged VBComponent
23-06-23-20:18:17  Worksheet       wsBasic ........: Unchanged VBComponent
23-06-24-14:02:01 ==================================================================
23-06-24-14:02:01     Export Changed Components (by CompMan.xlsb) for Basic.xlsm    
23-06-24-14:02:01 ------------------------------------------------------------------
23-06-24-14:02:01  Class-Module    clsTrc .........: Unchanged used Common Component
23-06-24-14:02:01  UserForm        fMsg ...........: Unchanged used Common Component
23-06-24-14:02:01  Standard-Module mBasic .........: Hosted Raw Common Component code modified
23-06-24-14:02:01                                    Modified hosted Common Component e x p o r t e d !
23-06-24-14:02:01                                    Modified hosted Common Component's Revision Number increased to 2023-06-24.001
23-06-24-14:02:01                                    Modified hosted Common Component's Export-File copied to D:\Ablage\Excel VBA\DevAndTest\Common-Components
23-06-24-14:02:01  Standard-Module mBasicTest .....: Modified VBComponent e x p o r t e d !
23-06-24-14:02:01  Standard-Module mCompManClient .: Unchanged used Common Component
23-06-24-14:02:01  Standard-Module mErH ...........: Unchanged used Common Component
23-06-24-14:02:01  Standard-Module mMsg ...........: Unchanged used Common Component
23-06-24-14:02:01  Standard-Module mTrc ...........: Unchanged used Common Component
23-06-24-14:02:01  Workbook        wbBasic ........: Unchanged VBComponent
23-06-24-14:02:01  Worksheet       wsBasic ........: Unchanged VBComponent
23-06-24-15:31:27 ==================================================================
23-06-24-15:31:27     Export Changed Components (by CompMan.xlsb) for Basic.xlsm    
23-06-24-15:31:27 ------------------------------------------------------------------
23-06-24-15:31:27  Class-Module    clsTrc .........: Unchanged used Common Component
23-06-24-15:31:28  UserForm        fMsg ...........: Unchanged used Common Component
23-06-24-15:31:28  Standard-Module mBasic .........: Hosted Raw Common Component code modified
23-06-24-15:31:28                                    Modified hosted Common Component e x p o r t e d !
23-06-24-15:31:28                                    Modified hosted Common Component's Revision Number increased to 2023-06-24.002
23-06-24-15:31:28                                    Modified hosted Common Component's Export-File copied to D:\Ablage\Excel VBA\DevAndTest\Common-Components
23-06-24-15:31:28  Standard-Module mBasicTest .....: Unchanged VBComponent
23-06-24-15:31:28  Standard-Module mCompManClient .: Unchanged used Common Component
23-06-24-15:31:28  Standard-Module mErH ...........: Unchanged used Common Component
23-06-24-15:31:28  Standard-Module mMsg ...........: Unchanged used Common Component
23-06-24-15:31:28  Standard-Module mTrc ...........: Unchanged used Common Component
23-06-24-15:31:28  Workbook        wbBasic ........: Unchanged VBComponent
23-06-24-15:31:28  Worksheet       wsBasic ........: Unchanged VBComponent
23-06-24-16:11:21 ==================================================================
23-06-24-16:11:21     Export Changed Components (by CompMan.xlsb) for Basic.xlsm    
23-06-24-16:11:21 ------------------------------------------------------------------
23-06-24-16:11:21  Class-Module    clsTrc .........: Unchanged used Common Component
23-06-24-16:11:21  UserForm        fMsg ...........: Unchanged used Common Component
23-06-24-16:11:21  Standard-Module mBasic .........: Hosted Raw Common Component code modified
23-06-24-16:11:21                                    Modified hosted Common Component e x p o r t e d !
23-06-24-16:11:21                                    Modified hosted Common Component's Revision Number increased to 2023-06-24.003
23-06-24-16:11:21                                    Modified hosted Common Component's Export-File copied to D:\Ablage\Excel VBA\DevAndTest\Common-Components
23-06-24-16:11:21  Standard-Module mBasicTest .....: Modified VBComponent e x p o r t e d !
23-06-24-16:11:21  Standard-Module mCompManClient .: Unchanged used Common Component
23-06-24-16:11:21  Standard-Module mErH ...........: Unchanged used Common Component
23-06-24-16:11:21  Standard-Module mMsg ...........: Unchanged used Common Component
23-06-24-16:11:21  Standard-Module mTrc ...........: Unchanged used Common Component
23-06-24-16:11:21  Workbook        wbBasic ........: Unchanged VBComponent
23-06-24-16:11:21  Worksheet       wsBasic ........: Unchanged VBComponent
23-06-24-16:11:29 ==================================================================
23-06-24-16:11:29     Export Changed Components (by CompMan.xlsb) for Basic.xlsm    
23-06-24-16:11:29 ------------------------------------------------------------------
23-06-24-16:11:29  Class-Module    clsTrc .........: Unchanged used Common Component
23-06-24-16:11:29  UserForm        fMsg ...........: Unchanged used Common Component
23-06-24-16:11:29  Standard-Module mBasic .........: Unchanged hosted raw Common Component
23-06-24-16:11:29  Standard-Module mBasicTest .....: Unchanged VBComponent
23-06-24-16:11:29  Standard-Module mCompManClient .: Unchanged used Common Component
23-06-24-16:11:29  Standard-Module mErH ...........: Unchanged used Common Component
23-06-24-16:11:29  Standard-Module mMsg ...........: Unchanged used Common Component
23-06-24-16:11:29  Standard-Module mTrc ...........: Unchanged used Common Component
23-06-24-16:11:29  Workbook        wbBasic ........: Unchanged VBComponent
23-06-24-16:11:29  Worksheet       wsBasic ........: Unchanged VBComponent
23-06-24-19:55:10 ==================================================================
23-06-24-19:55:10        Export Changed Components (by Add-in) for Basic.xlsm       
23-06-24-19:55:10 ------------------------------------------------------------------
23-06-24-19:55:10  Class-Module    clsTrc .........: Unchanged used Common Component
23-06-24-19:55:10  UserForm        fMsg ...........: Unchanged used Common Component
23-06-24-19:55:10  Standard-Module mBasic .........: Unchanged hosted raw Common Component
23-06-24-19:55:10  Standard-Module mBasicTest .....: Unchanged VBComponent
23-06-24-19:55:10  Standard-Module mCompManClient .: Unchanged used Common Component
23-06-24-19:55:10  Standard-Module mErH ...........: Unchanged used Common Component
23-06-24-19:55:10  Standard-Module mMsg ...........: Unchanged used Common Component
23-06-24-19:55:10  Standard-Module mTrc ...........: Unchanged used Common Component
23-06-24-19:55:10  Workbook        wbBasic ........: Unchanged VBComponent
23-06-24-19:55:10  Worksheet       wsBasic ........: Unchanged VBComponent
23-06-25-00:45:34 ==================================================================
23-06-25-00:45:34     Export Changed Components (by CompMan.xlsb) for Basic.xlsm    
23-06-25-00:45:34 ------------------------------------------------------------------
23-06-25-00:45:34  Class-Module    clsTrc .........: Unchanged used Common Component
23-06-25-00:45:35  UserForm        fMsg ...........: Unchanged used Common Component
23-06-25-00:45:35  Standard-Module mBasic .........: Unchanged hosted raw Common Component
23-06-25-00:45:35  Standard-Module mBasicTest .....: Unchanged VBComponent
23-06-25-00:45:35  Standard-Module mCompManClient .: Unchanged used Common Component
23-06-25-00:45:35  Standard-Module mErH ...........: Unchanged used Common Component
23-06-25-00:45:35  Standard-Module mMsg ...........: Unchanged used Common Component
23-06-25-00:45:35  Standard-Module mTrc ...........: Unchanged used Common Component
23-06-25-00:45:35  Workbook        wbBasic ........: Unchanged VBComponent
23-06-25-00:45:35  Worksheet       wsBasic ........: Unchanged VBComponent
23-06-25-00:45:35 =========================================================================================================================================================
23-06-25-00:45:35                                            Update Outdated Common Components (by CompMan.xlsb) for Basic.xlsm                                            
23-06-25-00:45:35 ---------------------------------------------------------------------------------------------------------------------------------------------------------
23-06-25-00:45:35  Class-Module    clsTrc .........: Component is up-to-date! Revision-Number has been set to to 2023-06-23.002 (the raw's in the Common Components Folder)
23-06-25-00:45:35                                    Used Common Component is up-to-date
23-06-25-00:45:38  UserForm        fMsg ...........: Used Common Component is up-to-date
23-06-25-00:45:38  Standard-Module mCompManClient .: Used Common Component is up-to-date
23-06-25-00:45:38  Standard-Module mTrc ...........: Component is up-to-date! Revision-Number has been set to to 2023-06-23.002 (the raw's in the Common Components Folder)
23-06-25-00:45:38                                    Used Common Component is up-to-date
23-06-25-00:45:50  Standard-Module mErH ...........: Outdated used Common Component updated by re-import of D:\Ablage\Excel VBA\DevAndTest\Common-Components\mErH.bas
23-06-25-00:45:52  Standard-Module mMsg ...........: Outdated used Common Component updated by re-import of D:\Ablage\Excel VBA\DevAndTest\Common-Components\mMsg.bas
23-06-25-00:45:59 ==================================================================
23-06-25-00:45:59     Export Changed Components (by CompMan.xlsb) for Basic.xlsm    
23-06-25-00:45:59 ------------------------------------------------------------------
23-06-25-00:45:59  Class-Module    clsTrc .........: Unchanged used Common Component
23-06-25-00:46:00  UserForm        fMsg ...........: Unchanged used Common Component
23-06-25-00:46:00  Standard-Module mBasic .........: Unchanged hosted raw Common Component
23-06-25-00:46:00  Standard-Module mBasicTest .....: Unchanged VBComponent
23-06-25-00:46:00  Standard-Module mCompManClient .: Unchanged used Common Component
23-06-25-00:46:00  Standard-Module mErH ...........: Modified used Common Component!!!!! (because this is not the hosting Workbook a "due revert allert" has been registered!)
23-06-25-00:46:00                                    Modified used Common Component e x p o r t e d !
23-06-25-00:46:00  Standard-Module mMsg ...........: Modified used Common Component!!!!! (because this is not the hosting Workbook a "due revert allert" has been registered!)
23-06-25-00:46:00                                    Modified used Common Component e x p o r t e d !
23-06-25-00:46:00  Standard-Module mTrc ...........: Unchanged used Common Component
23-06-25-00:46:00  Workbook        wbBasic ........: Unchanged VBComponent
23-06-25-00:46:00  Worksheet       wsBasic ........: Unchanged VBComponent
23-06-25-00:46:07 ==================================================================
23-06-25-00:46:07     Export Changed Components (by CompMan.xlsb) for Basic.xlsm    
23-06-25-00:46:07 ------------------------------------------------------------------
23-06-25-00:46:07  Class-Module    clsTrc .........: Unchanged used Common Component
23-06-25-00:46:07  UserForm        fMsg ...........: Unchanged used Common Component
23-06-25-00:46:07  Standard-Module mBasic .........: Unchanged hosted raw Common Component
23-06-25-00:46:07  Standard-Module mBasicTest .....: Unchanged VBComponent
23-06-25-00:46:07  Standard-Module mCompManClient .: Unchanged used Common Component
23-06-25-00:46:07  Standard-Module mErH ...........: Unchanged used Common Component
23-06-25-00:46:07  Standard-Module mMsg ...........: Unchanged used Common Component
23-06-25-00:46:07  Standard-Module mTrc ...........: Unchanged used Common Component
23-06-25-00:46:07  Workbook        wbBasic ........: Unchanged VBComponent
23-06-25-00:46:07  Worksheet       wsBasic ........: Unchanged VBComponent
23-06-25-00:46:16 ==================================================================
23-06-25-00:46:16     Export Changed Components (by CompMan.xlsb) for Basic.xlsm    
23-06-25-00:46:16 ------------------------------------------------------------------
23-06-25-00:46:16  Class-Module    clsTrc .........: Unchanged used Common Component
23-06-25-00:46:16  UserForm        fMsg ...........: Unchanged used Common Component
23-06-25-00:46:16  Standard-Module mBasic .........: Unchanged hosted raw Common Component
23-06-25-00:46:16  Standard-Module mBasicTest .....: Unchanged VBComponent
23-06-25-00:46:16  Standard-Module mCompManClient .: Unchanged used Common Component
23-06-25-00:46:16  Standard-Module mErH ...........: Unchanged used Common Component
23-06-25-00:46:16  Standard-Module mMsg ...........: Unchanged used Common Component
23-06-25-00:46:16  Standard-Module mTrc ...........: Unchanged used Common Component
23-06-25-00:46:16  Workbook        wbBasic ........: Unchanged VBComponent
23-06-25-00:46:16  Worksheet       wsBasic ........: Unchanged VBComponent
23-06-25-00:46:16 ======================================================================
23-06-25-00:46:16   Update Outdated Common Components (by CompMan.xlsb) for Basic.xlsm  
23-06-25-00:46:16 ----------------------------------------------------------------------
23-06-25-00:46:16  Class-Module    clsTrc .........: Used Common Component is up-to-date
23-06-25-00:46:20  UserForm        fMsg ...........: Used Common Component is up-to-date
23-06-25-00:46:20  Standard-Module mCompManClient .: Used Common Component is up-to-date
23-06-25-00:46:20  Standard-Module mErH ...........: Component is up-to-date! Revision-Number has been set to to 2023-06-23.001 (the raw's in the Common Components Folder)
23-06-25-00:46:20                                    Used Common Component is up-to-date
23-06-25-00:46:20  Standard-Module mMsg ...........: Component is up-to-date! Revision-Number has been set to to 2023-06-23.001 (the raw's in the Common Components Folder)
23-06-25-00:46:20                                    Used Common Component is up-to-date
23-06-25-00:46:20  Standard-Module mTrc ...........: Used Common Component is up-to-date
23-06-25-00:46:49 ==================================================================
23-06-25-00:46:49     Export Changed Components (by CompMan.xlsb) for Basic.xlsm    
23-06-25-00:46:49 ------------------------------------------------------------------
23-06-25-00:46:49  Class-Module    clsTrc .........: Unchanged used Common Component
23-06-25-00:46:49  UserForm        fMsg ...........: Unchanged used Common Component
23-06-25-00:46:49  Standard-Module mBasic .........: Hosted Raw Common Component code modified
23-06-25-00:46:49                                    Modified hosted Common Component e x p o r t e d !
23-06-25-00:46:49                                    Modified hosted Common Component's Revision Number increased to 2023-06-25.001
23-06-25-00:46:49                                    Modified hosted Common Component's Export-File copied to D:\Ablage\Excel VBA\DevAndTest\Common-Components
23-06-25-00:46:49  Standard-Module mBasicTest .....: Unchanged VBComponent
23-06-25-00:46:49  Standard-Module mCompManClient .: Unchanged used Common Component
23-06-25-00:46:49  Standard-Module mErH ...........: Unchanged used Common Component
23-06-25-00:46:49  Standard-Module mMsg ...........: Unchanged used Common Component
23-06-25-00:46:49  Standard-Module mTrc ...........: Unchanged used Common Component
23-06-25-00:46:49  Workbook        wbBasic ........: Unchanged VBComponent
23-06-25-00:46:49  Worksheet       wsBasic ........: Unchanged VBComponent
23-06-25-00:48:33 ==================================================================
23-06-25-00:48:33     Export Changed Components (by CompMan.xlsb) for Basic.xlsm    
23-06-25-00:48:33 ------------------------------------------------------------------
23-06-25-00:48:33  Class-Module    clsTrc .........: Unchanged used Common Component
23-06-25-00:48:33  UserForm        fMsg ...........: Unchanged used Common Component
23-06-25-00:48:33  Standard-Module mBasic .........: Hosted Raw Common Component code modified
23-06-25-00:48:33                                    Modified hosted Common Component e x p o r t e d !
23-06-25-00:48:33                                    Modified hosted Common Component's Revision Number increased to 2023-06-25.002
23-06-25-00:48:33                                    Modified hosted Common Component's Export-File copied to D:\Ablage\Excel VBA\DevAndTest\Common-Components
23-06-25-00:48:33  Standard-Module mBasicTest .....: Unchanged VBComponent
23-06-25-00:48:33  Standard-Module mCompManClient .: Unchanged used Common Component
23-06-25-00:48:33  Standard-Module mErH ...........: Unchanged used Common Component
23-06-25-00:48:33  Standard-Module mMsg ...........: Unchanged used Common Component
23-06-25-00:48:33  Standard-Module mTrc ...........: Unchanged used Common Component
23-06-25-00:48:33  Workbook        wbBasic ........: Unchanged VBComponent
23-06-25-00:48:33  Worksheet       wsBasic ........: Unchanged VBComponent
23-06-25-00:48:56 ==================================================================
23-06-25-00:48:56     Export Changed Components (by CompMan.xlsb) for Basic.xlsm    
23-06-25-00:48:56 ------------------------------------------------------------------
23-06-25-00:48:56  Class-Module    clsTrc .........: Unchanged used Common Component
23-06-25-00:48:56  UserForm        fMsg ...........: Unchanged used Common Component
23-06-25-00:48:56  Standard-Module mBasic .........: Unchanged hosted raw Common Component
23-06-25-00:48:56  Standard-Module mBasicTest .....: Unchanged VBComponent
23-06-25-00:48:56  Standard-Module mCompManClient .: Unchanged used Common Component
23-06-25-00:48:56  Standard-Module mErH ...........: Unchanged used Common Component
23-06-25-00:48:56  Standard-Module mMsg ...........: Unchanged used Common Component
23-06-25-00:48:56  Standard-Module mTrc ...........: Unchanged used Common Component
23-06-25-00:48:57  Workbook        wbBasic ........: Unchanged VBComponent
23-06-25-00:48:57  Worksheet       wsBasic ........: Unchanged VBComponent
23-06-25-00:49:52 ==================================================================
23-06-25-00:49:52     Export Changed Components (by CompMan.xlsb) for Basic.xlsm    
23-06-25-00:49:52 ------------------------------------------------------------------
23-06-25-00:49:52  Class-Module    clsTrc .........: Unchanged used Common Component
23-06-25-00:49:52  UserForm        fMsg ...........: Unchanged used Common Component
23-06-25-00:50:18  Standard-Module mBasic .........: Unchanged hosted raw Common Component
23-06-25-00:50:18  Standard-Module mBasicTest .....: Unchanged VBComponent
23-06-25-00:50:18  Standard-Module mCompManClient .: Unchanged used Common Component
23-06-25-00:50:18  Standard-Module mErH ...........: Unchanged used Common Component
23-06-25-00:50:18  Standard-Module mMsg ...........: Unchanged used Common Component
23-06-25-00:50:18  Standard-Module mTrc ...........: Unchanged used Common Component
23-06-25-00:50:18  Workbook        wbBasic ........: Unchanged VBComponent
23-06-25-00:50:18  Worksheet       wsBasic ........: Unchanged VBComponent
23-06-29-16:02:07 ==================================================================
23-06-29-16:02:07     Export Changed Components (by CompMan.xlsb) for Basic.xlsm    
23-06-29-16:02:07 ------------------------------------------------------------------
23-06-29-16:02:07  Class-Module    clsTrc .........: Unchanged used Common Component
23-06-29-16:02:07  UserForm        fMsg ...........: Unchanged used Common Component
23-06-29-16:02:07  Standard-Module mBasic .........: Unchanged hosted raw Common Component
23-06-29-16:02:07  Standard-Module mBasicTest .....: Unchanged VBComponent
23-06-29-16:02:07  Standard-Module mCompManClient .: Unchanged used Common Component
23-06-29-16:02:07  Standard-Module mErH ...........: Unchanged used Common Component
23-06-29-16:02:07  Standard-Module mMsg ...........: Unchanged used Common Component
23-06-29-16:02:07  Standard-Module mTrc ...........: Unchanged used Common Component
23-06-29-16:02:07  Workbook        wbBasic ........: Unchanged VBComponent
23-06-29-16:02:07  Worksheet       wsBasic ........: Unchanged VBComponent
23-06-29-16:09:27 ==================================================================
23-06-29-16:09:27     Export Changed Components (by CompMan.xlsb) for Basic.xlsm    
23-06-29-16:09:27 ------------------------------------------------------------------
23-06-29-16:09:27  Class-Module    clsTrc .........: Unchanged used Common Component
23-06-29-16:09:27  UserForm        fMsg ...........: Unchanged used Common Component
23-06-29-16:09:27  Standard-Module mBasic .........: Hosted Raw Common Component code modified
23-06-29-16:09:27                                    Modified hosted Common Component e x p o r t e d !
23-06-29-16:09:27                                    Modified hosted Common Component's Revision Number increased from 2023-06-25.002 to 2023-06-29.001
23-06-29-16:09:27                                    Modified hosted Common Component's Export-File copied to D:\Ablage\Excel VBA\DevAndTest\Common-Components
23-06-29-16:09:27  Standard-Module mBasicTest .....: Unchanged VBComponent
23-06-29-16:09:27  Standard-Module mCompManClient .: Unchanged used Common Component
23-06-29-16:09:27  Standard-Module mErH ...........: Unchanged used Common Component
23-06-29-16:09:27  Standard-Module mMsg ...........: Unchanged used Common Component
23-06-29-16:09:27  Standard-Module mTrc ...........: Unchanged used Common Component
23-06-29-16:09:27  Workbook        wbBasic ........: Unchanged VBComponent
23-06-29-16:09:27  Worksheet       wsBasic ........: Unchanged VBComponent
23-06-29-16:12:55 ==================================================================
23-06-29-16:12:55     Export Changed Components (by CompMan.xlsb) for Basic.xlsm    
23-06-29-16:12:55 ------------------------------------------------------------------
23-06-29-16:12:55  Class-Module    clsTrc .........: Unchanged used Common Component
23-06-29-16:12:55  UserForm        fMsg ...........: Unchanged used Common Component
23-06-29-16:12:55  Standard-Module mBasic .........: Unchanged hosted raw Common Component
23-06-29-16:12:55  Standard-Module mBasicTest .....: Unchanged VBComponent
23-06-29-16:12:55  Standard-Module mCompManClient .: Unchanged used Common Component
23-06-29-16:12:55  Standard-Module mErH ...........: Modified used Common Component!!!!! (because this is not the hosting Workbook a "due revert allert" has been registered!)
23-06-29-16:12:55                                    Modified used Common Component e x p o r t e d !
23-06-29-16:12:55  Standard-Module mMsg ...........: Unchanged used Common Component
23-06-29-16:12:55  Standard-Module mTrc ...........: Unchanged used Common Component
23-06-29-16:12:55  Workbook        wbBasic ........: Unchanged VBComponent
23-06-29-16:12:55  Worksheet       wsBasic ........: Unchanged VBComponent
23-06-29-16:13:41 ==================================================================
23-06-29-16:13:41     Export Changed Components (by CompMan.xlsb) for Basic.xlsm    
23-06-29-16:13:41 ------------------------------------------------------------------
23-06-29-16:13:41  Class-Module    clsTrc .........: Unchanged used Common Component
23-06-29-16:13:42  UserForm        fMsg ...........: Unchanged used Common Component
23-06-29-16:13:42  Standard-Module mBasic .........: Unchanged hosted raw Common Component
23-06-29-16:13:42  Standard-Module mBasicTest .....: Unchanged VBComponent
23-06-29-16:13:42  Standard-Module mCompManClient .: Unchanged used Common Component
23-06-29-16:13:42  Standard-Module mErH ...........: Unchanged used Common Component
23-06-29-16:13:42  Standard-Module mMsg ...........: Unchanged used Common Component
23-06-29-16:13:42  Standard-Module mTrc ...........: Unchanged used Common Component
23-06-29-16:13:42  Workbook        wbBasic ........: Unchanged VBComponent
23-06-29-16:13:42  Worksheet       wsBasic ........: Unchanged VBComponent
23-06-29-16:13:52 ==================================================================
23-06-29-16:13:52     Export Changed Components (by CompMan.xlsb) for Basic.xlsm    
23-06-29-16:13:52 ------------------------------------------------------------------
23-06-29-16:13:52  Class-Module    clsTrc .........: Unchanged used Common Component
23-06-29-16:13:52  UserForm        fMsg ...........: Unchanged used Common Component
23-06-29-16:13:52  Standard-Module mBasic .........: Unchanged hosted raw Common Component
23-06-29-16:13:52  Standard-Module mBasicTest .....: Unchanged VBComponent
23-06-29-16:13:52  Standard-Module mCompManClient .: Unchanged used Common Component
23-06-29-16:13:52  Standard-Module mErH ...........: Unchanged used Common Component
23-06-29-16:13:52  Standard-Module mMsg ...........: Unchanged used Common Component
23-06-29-16:13:52  Standard-Module mTrc ...........: Unchanged used Common Component
23-06-29-16:13:52  Workbook        wbBasic ........: Unchanged VBComponent
23-06-29-16:13:52  Worksheet       wsBasic ........: Unchanged VBComponent
23-06-29-16:13:53 ======================================================================
23-06-29-16:13:53   Update Outdated Common Components (by CompMan.xlsb) for Basic.xlsm  
23-06-29-16:13:53 ----------------------------------------------------------------------
23-06-29-16:13:53  Class-Module    clsTrc .........: Used Common Component is up-to-date
23-06-29-16:13:56  UserForm        fMsg ...........: Component is up-to-date! Revision-Number has been set to to 2023-06-28.001 (the raw's in the Common Components Folder)
23-06-29-16:13:56                                    Used Common Component is up-to-date
23-06-29-16:13:56  Standard-Module mTrc ...........: Used Common Component is up-to-date
23-06-29-16:13:59  Standard-Module mCompManClient .: Outdated used Common Component updated by re-import of D:\Ablage\Excel VBA\DevAndTest\Common-Components\mCompManClient.bas
23-06-29-16:14:09  Standard-Module mErH ...........: Outdated used Common Component updated by re-import of D:\Ablage\Excel VBA\DevAndTest\Common-Components\mErH.bas
23-06-29-16:14:12  Standard-Module mMsg ...........: Outdated used Common Component updated by re-import of D:\Ablage\Excel VBA\DevAndTest\Common-Components\mMsg.bas
23-06-29-16:53:03 ==================================================================
23-06-29-16:53:03     Export Changed Components (by CompMan.xlsb) for Basic.xlsm    
23-06-29-16:53:03 ------------------------------------------------------------------
23-06-29-16:53:03  Class-Module    clsTrc .........: Unchanged used Common Component
23-06-29-16:53:03  UserForm        fMsg ...........: Unchanged used Common Component
23-06-29-16:53:03  Standard-Module mBasic .........: Unchanged hosted raw Common Component
23-06-29-16:53:03  Standard-Module mBasicTest .....: Unchanged VBComponent
23-06-29-16:53:03  Standard-Module mCompManClient .: Modified used Common Component!!!!! (because this is not the hosting Workbook a "due revert allert" has been registered!)
23-06-29-16:53:03                                    Modified used Common Component e x p o r t e d !
23-06-29-16:53:03  Standard-Module mErH ...........: Modified used Common Component!!!!! (because this is not the hosting Workbook a "due revert allert" has been registered!)
23-06-29-16:53:03                                    Modified used Common Component e x p o r t e d !
23-06-29-16:53:03  Standard-Module mMsg ...........: Modified used Common Component!!!!! (because this is not the hosting Workbook a "due revert allert" has been registered!)
23-06-29-16:53:03                                    Modified used Common Component e x p o r t e d !
23-06-29-16:53:03  Standard-Module mTrc ...........: Unchanged used Common Component
23-06-29-16:53:03  Workbook        wbBasic ........: Unchanged VBComponent
23-06-29-16:53:03  Worksheet       wsBasic ........: Unchanged VBComponent
23-06-29-16:56:02 ==================================================================
23-06-29-16:56:02     Export Changed Components (by CompMan.xlsb) for Basic.xlsm    
23-06-29-16:56:02 ------------------------------------------------------------------
23-06-29-16:56:02  Class-Module    clsTrc .........: Unchanged used Common Component
23-06-29-16:56:02  UserForm        fMsg ...........: Unchanged used Common Component
23-06-29-16:56:02  Standard-Module mBasic .........: Unchanged hosted raw Common Component
23-06-29-16:56:02  Standard-Module mBasicTest .....: Unchanged VBComponent
23-06-29-16:56:02  Standard-Module mCompManClient .: Unchanged used Common Component
23-06-29-16:56:02  Standard-Module mErH ...........: Unchanged used Common Component
23-06-29-16:56:02  Standard-Module mMsg ...........: Unchanged used Common Component
23-06-29-16:56:02  Standard-Module mTrc ...........: Unchanged used Common Component
23-06-29-16:56:02  Workbook        wbBasic ........: Unchanged VBComponent
23-06-29-16:56:02  Worksheet       wsBasic ........: Unchanged VBComponent
23-06-29-17:00:23 ======================================================================
23-06-29-17:00:23   Update Outdated Common Components (by CompMan.xlsb) for Basic.xlsm  
23-06-29-17:00:23 ----------------------------------------------------------------------
23-06-29-17:00:23  Class-Module    clsTrc .........: Used Common Component is up-to-date
23-06-29-17:00:26  UserForm        fMsg ...........: Used Common Component is up-to-date
23-06-29-17:00:26  Standard-Module mCompManClient .: Component is up-to-date! Revision-Number has been set to to 2023-06-28.001 (the raw's in the Common Components Folder)
23-06-29-17:00:26                                    Used Common Component is up-to-date
23-06-29-17:00:26  Standard-Module mErH ...........: Used Common Component is up-to-date
23-06-29-17:00:26  Standard-Module mMsg ...........: Used Common Component is up-to-date
23-06-29-17:00:26  Standard-Module mTrc ...........: Used Common Component is up-to-date
23-06-29-17:00:49 ==================================================================
23-06-29-17:00:49     Export Changed Components (by CompMan.xlsb) for Basic.xlsm    
23-06-29-17:00:49 ------------------------------------------------------------------
23-06-29-17:00:49  Class-Module    clsTrc .........: Unchanged used Common Component
23-06-29-17:00:49  UserForm        fMsg ...........: Unchanged used Common Component
23-06-29-17:00:49  Standard-Module mBasic .........: Unchanged hosted raw Common Component
23-06-29-17:00:49  Standard-Module mBasicTest .....: Unchanged VBComponent
23-06-29-17:00:49  Standard-Module mCompManClient .: Unchanged used Common Component
23-06-29-17:00:49  Standard-Module mErH ...........: Unchanged used Common Component
23-06-29-17:00:49  Standard-Module mMsg ...........: Unchanged used Common Component
23-06-29-17:00:49  Standard-Module mTrc ...........: Unchanged used Common Component
23-06-29-17:00:49  Workbook        wbBasic ........: Unchanged VBComponent
23-06-29-17:00:49  Worksheet       wsBasic ........: Unchanged VBComponent
