24-11-08-17:36:45 ----------------- Update Outdated Common Components (by Add-in) for Basic.xlsm -----------------
24-11-08-17:36:45 ------------------------------------------------------------------------------------------------
24-11-08-17:36:45  UserForm         fMsg...........:  Serviced Common Component used is up-to-date                
24-11-08-17:36:45  Standard-Module  mErH...........:  Serviced Common Component used is up-to-date                
24-11-08-17:36:45  Standard-Module  mMsg...........:  Serviced Common Component used is up-to-date                
24-11-08-17:36:45  Standard-Module  mTrc...........:  Serviced Common Component used is up-to-date                
24-11-08-17:36:45  Class-Module     clsTrc.........:  Serviced Common Component used is up-to-date                
24-11-08-17:36:45  Standard-Module  mCompManClient.:  Serviced Common Component used is up-to-date                
24-11-08-17:36:57  Standard-Module  mBasic.........:  Serviced Common Component updated by re-import of the public Export-File from the Common-Components folder.
24-11-08-17:37:01  Class-Module     clsTestAid.....:  Serviced Common Component updated by re-import of the public Export-File from the Common-Components folder.
24-11-08-17:38:45 ================================================================================================
24-11-08-17:38:45 ----------------- Update Outdated Common Components (by Add-in) for Basic.xlsm -----------------
24-11-08-17:38:45 ------------------------------------------------------------------------------------------------
24-11-08-17:38:45  UserForm         fMsg...........:  Serviced Common Component used is up-to-date                
24-11-08-17:38:45  Standard-Module  mErH...........:  Serviced Common Component used is up-to-date                
24-11-08-17:38:45  Standard-Module  mMsg...........:  Serviced Common Component used is up-to-date                
24-11-08-17:38:45  Standard-Module  mTrc...........:  Serviced Common Component used is up-to-date                
24-11-08-17:38:45  Class-Module     clsTrc.........:  Serviced Common Component used is up-to-date                
24-11-08-17:38:45  Standard-Module  mCompManClient.:  Serviced Common Component used is up-to-date                
24-11-08-17:38:46  Standard-Module  mBasic.........:  Serviced Common Component used is up-to-date                
24-11-08-17:38:46  Class-Module     clsTestAid.....:  Serviced Common Component used is up-to-date                
24-11-09-17:26:10 ================================================================================================
24-11-09-17:26:10 ------------------ Export Changed Components (by CompMan.xlsb) for Basic.xlsm ------------------
24-11-09-17:26:10 ------------------------------------------------------------------------------------------------
24-11-09-17:26:10  Workbook         wbBasic........:  Modified VBComponent e x p o r t e d !                      
24-11-09-17:26:10  Standard-Module  mBasicTest.....:  Modified VBComponent e x p o r t e d !                      
24-11-09-20:16:28 ================================================================================================
24-11-09-20:16:28 ------------------ Export Changed Components (by CompMan.xlsb) for Basic.xlsm ------------------
24-11-09-20:16:28 ------------------------------------------------------------------------------------------------
24-11-09-20:16:28  Standard-Module  mBasicTest.....:  Modified VBComponent e x p o r t e d !                      
24-11-09-21:02:08 =================================================================================================
24-11-09-21:02:08 -------------- Update Outdated Common Components (by CompMan.xlsb) for Basic.xlsm ---------------
24-11-09-21:02:08 -------------------------------------------------------------------------------------------------
24-11-09-21:02:08  UserForm         fMsg...........:  Serviced Common Component used is up-to-date                 
24-11-09-21:02:08  Standard-Module  mErH...........:  Serviced Common Component used is up-to-date                 
24-11-09-21:02:08  Standard-Module  mMsg...........:  Serviced Common Component used is up-to-date                 
24-11-09-21:02:08  Standard-Module  mCompManClient.:  Serviced Common Component used is up-to-date                 
24-11-09-21:02:14  Standard-Module  mTrc...........:  Serviced Common Component updated by re-import of the public Export-File from the Common-Components folder. 
24-11-09-21:02:19  Class-Module     clsTrc.........:  Serviced Common Component updated by re-import of the public Export-File from the Common-Components folder. 
24-11-09-21:02:23  Standard-Module  mBasic.........:  Serviced Common Component updated by re-import of the public Export-File from the Common-Components folder. 
24-11-09-21:02:26  Class-Module     clsTestAid.....:  Serviced Common Component updated by re-import of the public Export-File from the Common-Components folder. 
